[debug] [2020-02-12T03:42:31.371Z] ----------------------------------------------------------------------
[debug] [2020-02-12T03:42:31.388Z] Command:       C:\Program Files\nodejs\node.exe C:\Users\Cris\AppData\Roaming\npm\node_modules\firebase-tools\lib\bin\firebase.js init functions
[debug] [2020-02-12T03:42:31.389Z] CLI Version:   7.12.1
[debug] [2020-02-12T03:42:31.389Z] Platform:      win32
[debug] [2020-02-12T03:42:31.389Z] Node Version:  v10.16.3
[debug] [2020-02-12T03:42:31.398Z] Time:          Wed Feb 12 2020 01:42:31 GMT-0200 (GMT-02:00)
[debug] [2020-02-12T03:42:31.398Z] ----------------------------------------------------------------------
[debug] [2020-02-12T03:42:31.398Z] 
[debug] [2020-02-12T03:42:31.434Z] > command requires scopes: ["email","openid","https://www.googleapis.com/auth/cloudplatformprojects.readonly","https://www.googleapis.com/auth/firebase","https://www.googleapis.com/auth/cloud-platform"]
[debug] [2020-02-12T03:42:31.436Z] > authorizing via signed-in user
[info] 
     ######## #### ########  ######## ########     ###     ######  ########
     ##        ##  ##     ## ##       ##     ##  ##   ##  ##       ##
     ######    ##  ########  ######   ########  #########  ######  ######
     ##        ##  ##    ##  ##       ##     ## ##     ##       ## ##
     ##       #### ##     ## ######## ########  ##     ##  ######  ########

You're about to initialize a Firebase project in this directory:

  C:\Users\Cris\Desktop\FUTURE4\Caroline\semana-20\FT-Back\firebase

[info] 
=== Project Setup
[info] 
[info] First, let's associate this project directory with a Firebase project.
[info] You can create multiple project aliases by running firebase use --add, 
[info] but for now we'll just set up a default project.
[info] 
[debug] [2020-02-12T03:43:34.134Z] >>> HTTP REQUEST GET https://firebase.googleapis.com/v1beta1/availableProjects?pageSize=100  
 
[debug] [2020-02-12T03:43:35.741Z] <<< HTTP RESPONSE 200
[debug] [2020-02-12T03:44:09.777Z] Error: kill ENOSYS
    at process.kill (internal/process/per_thread.js:198:13)
    at process.listener (C:\Users\Cris\AppData\Roaming\npm\node_modules\firebase-tools\node_modules\signal-exit\index.js:95:15)
    at process.emit (events.js:198:13)
[error] 
[error] Error: An unexpected error has occurred.
